This is pdfTeX, Version 3.1415926-2.3-1.40.12 (MiKTeX 2.9) (preloaded format=pdflatex 2012.9.6)  11 SEP 2014 14:20
entering extended mode
**C:/Users/Micros/Dropbox/FALL14/CS495/assign1/LaTeX/CS495_assignment_1_George_
Micros.tex

(C:/Users/Micros/Dropbox/FALL14/CS495/assign1/LaTeX/CS495_assignment_1_George_M
icros.tex
LaTeX2e <2011/06/27>
Babel <v3.8m> and hyphenation patterns for english, afrikaans, ancientgreek, ar
abic, armenian, assamese, basque, bengali, bokmal, bulgarian, catalan, coptic, 
croatian, czech, danish, dutch, esperanto, estonian, farsi, finnish, french, ga
lician, german, german-x-2009-06-19, greek, gujarati, hindi, hungarian, iceland
ic, indonesian, interlingua, irish, italian, kannada, kurmanji, lao, latin, lat
vian, lithuanian, malayalam, marathi, mongolian, mongolianlmc, monogreek, ngerm
an, ngerman-x-2009-06-19, nynorsk, oriya, panjabi, pinyin, polish, portuguese, 
romanian, russian, sanskrit, serbian, slovak, slovenian, spanish, swedish, swis
sgerman, tamil, telugu, turkish, turkmen, ukenglish, ukrainian, uppersorbian, u
senglishmax, welsh, loaded.
(C:\Users\Micros\Dropbox\FALL14\CS495\assign1\LaTeX\svmono.cls
Document Class: svmono 2009/12/17 v5.5 
Springer Verlag global LaTeX document class for monographs
Class Springer-SVMono Info: extra/valid Springer sub-package 
(Springer-SVMono)           not found in option list - using "global" style.
(C:\Users\Micros\Documents\LaTeX\miktex\tex\latex\base\article.cls
Document Class: article 2007/10/19 v1.4h Standard LaTeX document class
(C:\Users\Micros\Documents\LaTeX\miktex\tex\latex\base\size10.clo
File: size10.clo 2007/10/19 v1.4h Standard LaTeX file (size option)
)
\c@part=\count79
\c@section=\count80
\c@subsection=\count81
\c@subsubsection=\count82
\c@paragraph=\count83
\c@subparagraph=\count84
\c@figure=\count85
\c@table=\count86
\abovecaptionskip=\skip41
\belowcaptionskip=\skip42
\bibindent=\dimen102
)
\svparindent=\dimen103
\betweenumberspace=\dimen104
\headlineindent=\dimen105
\c@chapter=\count87
\mottowidth=\dimen106
\svitemindent=\dimen107
\verbatimindent=\dimen108
LaTeX Font Info:    Redeclaring math symbol \Gamma on input line 832.
LaTeX Font Info:    Redeclaring math symbol \Delta on input line 833.
LaTeX Font Info:    Redeclaring math symbol \Theta on input line 834.
LaTeX Font Info:    Redeclaring math symbol \Lambda on input line 835.
LaTeX Font Info:    Redeclaring math symbol \Xi on input line 836.
LaTeX Font Info:    Redeclaring math symbol \Pi on input line 837.
LaTeX Font Info:    Redeclaring math symbol \Sigma on input line 838.
LaTeX Font Info:    Redeclaring math symbol \Upsilon on input line 839.
LaTeX Font Info:    Redeclaring math symbol \Phi on input line 840.
LaTeX Font Info:    Redeclaring math symbol \Psi on input line 841.
LaTeX Font Info:    Redeclaring math symbol \Omega on input line 842.
\tocchpnum=\dimen109
\tocsecnum=\dimen110
\tocsectotal=\dimen111
\tocsubsecnum=\dimen112
\tocsubsectotal=\dimen113
\tocsubsubsecnum=\dimen114
\tocsubsubsectotal=\dimen115
\tocparanum=\dimen116
\tocparatotal=\dimen117
\tocsubparanum=\dimen118
\foot@parindent=\dimen119
\spthmsep=\dimen120
\c@theorem=\count88
\c@case=\count89
\c@conjecture=\count90
\c@corollary=\count91
\c@definition=\count92
\c@example=\count93
\c@exercise=\count94
\c@lemma=\count95
\c@note=\count96
\c@problem=\count97
\c@property=\count98
\c@proposition=\count99
\c@question=\count100
\c@solution=\count101
\c@remark=\count102
\c@prob=\count103
\instindent=\dimen121
\figgap=\dimen122
\bildb@x=\box26
\figcapgap=\dimen123
\tabcapgap=\dimen124
\c@merk=\count104
LaTeX Info: Redefining \abstract on input line 1894.
)
(C:\Users\Micros\Documents\LaTeX\miktex\tex\latex\fancybox\fancybox.sty
Package: fancybox 2010/05/15 1.4

Style option: `fancybox' v1.4 <2010/05/15> (tvz)
\@fancybox=\box27
\shadowsize=\dimen125
\@Sbox=\box28
\do@VerbBox=\toks14
\the@fancyput=\toks15
\this@fancyput=\toks16
\EndVerbatimTokens=\toks17
\Verbatim@Outfile=\write3
\Verbatim@Infile=\read1
) (C:\Users\Micros\Documents\LaTeX\miktex\tex\latex\graphics\graphicx.sty
Package: graphicx 1999/02/16 v1.0f Enhanced LaTeX Graphics (DPC,SPQR)

(C:\Users\Micros\Documents\LaTeX\miktex\tex\latex\graphics\keyval.sty
Package: keyval 1999/03/16 v1.13 key=value parser (DPC)
\KV@toks@=\toks18
)
(C:\Users\Micros\Documents\LaTeX\miktex\tex\latex\graphics\graphics.sty
Package: graphics 2009/02/05 v1.0o Standard LaTeX Graphics (DPC,SPQR)

(C:\Users\Micros\Documents\LaTeX\miktex\tex\latex\graphics\trig.sty
Package: trig 1999/03/16 v1.09 sin cos tan (DPC)
)
(C:\Users\Micros\Documents\LaTeX\miktex\tex\latex\00miktex\graphics.cfg
File: graphics.cfg 2007/01/18 v1.5 graphics configuration of teTeX/TeXLive
)
Package graphics Info: Driver file: pdftex.def on input line 91.

(C:\Users\Micros\Documents\LaTeX\miktex\tex\latex\pdftex-def\pdftex.def
File: pdftex.def 2011/05/27 v0.06d Graphics/color for pdfTeX

(C:\Users\Micros\Documents\LaTeX\miktex\tex\generic\oberdiek\infwarerr.sty
Package: infwarerr 2010/04/08 v1.3 Providing info/warning/message (HO)
)
(C:\Users\Micros\Documents\LaTeX\miktex\tex\generic\oberdiek\ltxcmds.sty
Package: ltxcmds 2011/04/18 v1.20 LaTeX kernel commands for general use (HO)
)
\Gread@gobject=\count105
))
\Gin@req@height=\dimen126
\Gin@req@width=\dimen127
)
(C:\Users\Micros\Documents\LaTeX\miktex\tex\latex\pdfpages\pdfpages.sty
Package: pdfpages 2012/08/31 v0.4t Insert pages of external PDF documents (AM)

(C:\Users\Micros\Documents\LaTeX\miktex\tex\latex\base\ifthen.sty
Package: ifthen 2001/05/26 v1.1c Standard LaTeX ifthen package (DPC)
)
(C:\Users\Micros\Documents\LaTeX\miktex\tex\latex\tools\calc.sty
Package: calc 2007/08/22 v4.3 Infix arithmetic (KKT,FJ)
\calc@Acount=\count106
\calc@Bcount=\count107
\calc@Adimen=\dimen128
\calc@Bdimen=\dimen129
\calc@Askip=\skip43
\calc@Bskip=\skip44
LaTeX Info: Redefining \setlength on input line 76.
LaTeX Info: Redefining \addtolength on input line 77.
\calc@Ccount=\count108
\calc@Cskip=\skip45
)
(C:\Users\Micros\Documents\LaTeX\miktex\tex\latex\eso-pic\eso-pic.sty
Package: eso-pic 2010/10/06 v2.0c eso-pic (RN)

(C:\Users\Micros\Documents\LaTeX\miktex\tex\generic\oberdiek\atbegshi.sty
Package: atbegshi 2011/01/30 v1.15 At begin shipout hook (HO)

(C:\Users\Micros\Documents\LaTeX\miktex\tex\generic\oberdiek\ifpdf.sty
Package: ifpdf 2011/01/30 v2.3 Provides the ifpdf switch (HO)
Package ifpdf Info: pdfTeX in PDF mode is detected.
))
(C:\Users\Micros\Documents\LaTeX\miktex\tex\latex\xcolor\xcolor.sty
Package: xcolor 2007/01/21 v2.11 LaTeX color extensions (UK)

(C:\Users\Micros\Documents\LaTeX\miktex\tex\latex\00miktex\color.cfg
File: color.cfg 2007/01/18 v1.5 color configuration of teTeX/TeXLive
)
Package xcolor Info: Driver file: pdftex.def on input line 225.
Package xcolor Info: Model `cmy' substituted by `cmy0' on input line 1337.
Package xcolor Info: Model `hsb' substituted by `rgb' on input line 1341.
Package xcolor Info: Model `RGB' extended on input line 1353.
Package xcolor Info: Model `HTML' substituted by `rgb' on input line 1355.
Package xcolor Info: Model `Hsb' substituted by `hsb' on input line 1356.
Package xcolor Info: Model `tHsb' substituted by `hsb' on input line 1357.
Package xcolor Info: Model `HSB' substituted by `hsb' on input line 1358.
Package xcolor Info: Model `Gray' substituted by `gray' on input line 1359.
Package xcolor Info: Model `wave' substituted by `hsb' on input line 1360.
))
(C:\Users\Micros\Documents\LaTeX\miktex\tex\latex\pdfpages\pppdftex.def
File: pppdftex.def 2012/08/31 v0.4t Pdfpages driver for pdfTeX (AM)
)
\AM@pagebox=\box29
\AM@toc@title=\toks19
\c@AM@survey=\count109
\AM@templatesizebox=\box30
)
(C:\Users\Micros\Documents\LaTeX\miktex\tex\latex\oberdiek\epstopdf.sty
Package: epstopdf 2010/02/09 v2.5 Conversion with epstopdf on the fly (HO)

(C:\Users\Micros\Documents\LaTeX\miktex\tex\latex\oberdiek\epstopdf-base.sty
Package: epstopdf-base 2010/02/09 v2.5 Base part for package epstopdf

(C:\Users\Micros\Documents\LaTeX\miktex\tex\latex\oberdiek\grfext.sty
Package: grfext 2010/08/19 v1.1 Managing graphics extensions (HO)

(C:\Users\Micros\Documents\LaTeX\miktex\tex\generic\oberdiek\kvdefinekeys.sty
Package: kvdefinekeys 2011/04/07 v1.3 Defining keys (HO)
)) (C:\Users\Micros\Documents\LaTeX\miktex\tex\latex\oberdiek\kvoptions.sty
Package: kvoptions 2010/12/23 v3.10 Keyval support for LaTeX options (HO)

(C:\Users\Micros\Documents\LaTeX\miktex\tex\generic\oberdiek\kvsetkeys.sty
Package: kvsetkeys 2011/04/07 v1.13 Key value parser (HO)

(C:\Users\Micros\Documents\LaTeX\miktex\tex\generic\oberdiek\etexcmds.sty
Package: etexcmds 2011/02/16 v1.5 Prefix for e-TeX command names (HO)

(C:\Users\Micros\Documents\LaTeX\miktex\tex\generic\oberdiek\ifluatex.sty
Package: ifluatex 2010/03/01 v1.3 Provides the ifluatex switch (HO)
Package ifluatex Info: LuaTeX not detected.
)
Package etexcmds Info: Could not find \expanded.
(etexcmds)             That can mean that you are not using pdfTeX 1.50 or
(etexcmds)             that some package has redefined \expanded.
(etexcmds)             In the latter case, load this package earlier.
)))
(C:\Users\Micros\Documents\LaTeX\miktex\tex\generic\oberdiek\pdftexcmds.sty
Package: pdftexcmds 2011/04/22 v0.16 Utilities of pdfTeX for LuaTeX (HO)
Package pdftexcmds Info: LuaTeX not detected.
Package pdftexcmds Info: \pdf@primitive is available.
Package pdftexcmds Info: \pdf@ifprimitive is available.
Package pdftexcmds Info: \pdfdraftmode found.
)
Package grfext Info: Graphics extension search list:
(grfext)             [.png,.pdf,.jpg,.mps,.jpeg,.jbig2,.jb2,.PNG,.PDF,.JPG,.JPE
G,.JBIG2,.JB2,.eps]
(grfext)             \AppendGraphicsExtensions on input line 452.
))
(C:\Users\Micros\Documents\LaTeX\miktex\tex\latex\geometry\geometry.sty
Package: geometry 2010/09/12 v5.6 Page Geometry

(C:\Users\Micros\Documents\LaTeX\miktex\tex\generic\oberdiek\ifvtex.sty
Package: ifvtex 2010/03/01 v1.5 Switches for detecting VTeX and its modes (HO)
Package ifvtex Info: VTeX not detected.
)
(C:\Users\Micros\Documents\LaTeX\miktex\tex\generic\ifxetex\ifxetex.sty
Package: ifxetex 2010/09/12 v0.6 Provides ifxetex conditional
)
\Gm@cnth=\count110
\Gm@cntv=\count111
\c@Gm@tempcnt=\count112
\Gm@bindingoffset=\dimen130
\Gm@wd@mp=\dimen131
\Gm@odd@mp=\dimen132
\Gm@even@mp=\dimen133
\Gm@layoutwidth=\dimen134
\Gm@layoutheight=\dimen135
\Gm@layouthoffset=\dimen136
\Gm@layoutvoffset=\dimen137
\Gm@dimlist=\toks20

(C:\Users\Micros\Documents\LaTeX\miktex\tex\latex\geometry\geometry.cfg))
(C:\Users\Micros\Documents\LaTeX\miktex\tex\latex\ams\math\amsmath.sty
Package: amsmath 2000/07/18 v2.13 AMS math features
\@mathmargin=\skip46

For additional information on amsmath, use the `?' option.
(C:\Users\Micros\Documents\LaTeX\miktex\tex\latex\ams\math\amstext.sty
Package: amstext 2000/06/29 v2.01

(C:\Users\Micros\Documents\LaTeX\miktex\tex\latex\ams\math\amsgen.sty
File: amsgen.sty 1999/11/30 v2.0
\@emptytoks=\toks21
\ex@=\dimen138
))
(C:\Users\Micros\Documents\LaTeX\miktex\tex\latex\ams\math\amsbsy.sty
Package: amsbsy 1999/11/29 v1.2d
\pmbraise@=\dimen139
)
(C:\Users\Micros\Documents\LaTeX\miktex\tex\latex\ams\math\amsopn.sty
Package: amsopn 1999/12/14 v2.01 operator names
)
\inf@bad=\count113
LaTeX Info: Redefining \frac on input line 211.
\uproot@=\count114
\leftroot@=\count115
LaTeX Info: Redefining \overline on input line 307.
\classnum@=\count116
\DOTSCASE@=\count117
LaTeX Info: Redefining \ldots on input line 379.
LaTeX Info: Redefining \dots on input line 382.
LaTeX Info: Redefining \cdots on input line 467.
\Mathstrutbox@=\box31
\strutbox@=\box32
\big@size=\dimen140
LaTeX Font Info:    Redeclaring font encoding OML on input line 567.
LaTeX Font Info:    Redeclaring font encoding OMS on input line 568.


Package amsmath Warning: Unable to redefine math accent \vec.

\macc@depth=\count118
\c@MaxMatrixCols=\count119
\dotsspace@=\muskip10
\c@parentequation=\count120
\dspbrk@lvl=\count121
\tag@help=\toks22
\row@=\count122
\column@=\count123
\maxfields@=\count124
\andhelp@=\toks23
\eqnshift@=\dimen141
\alignsep@=\dimen142
\tagshift@=\dimen143
\tagwidth@=\dimen144
\totwidth@=\dimen145
\lineht@=\dimen146
\@envbody=\toks24
\multlinegap=\skip47
\multlinetaggap=\skip48
\mathdisplay@stack=\toks25
LaTeX Info: Redefining \[ on input line 2666.
LaTeX Info: Redefining \] on input line 2667.
) (C:\Users\Micros\Documents\LaTeX\miktex\tex\latex\float\float.sty
Package: float 2001/11/08 v1.3d Float enhancements (AL)
\c@float@type=\count125
\float@exts=\toks26
\float@box=\box33
\@float@everytoks=\toks27
\@floatcapt=\box34
)
(C:\Users\Micros\Documents\LaTeX\miktex\tex\latex\listings\listings.sty
\lst@mode=\count126
\lst@gtempboxa=\box35
\lst@token=\toks28
\lst@length=\count127
\lst@currlwidth=\dimen147
\lst@column=\count128
\lst@pos=\count129
\lst@lostspace=\dimen148
\lst@width=\dimen149
\lst@newlines=\count130
\lst@lineno=\count131
\lst@maxwidth=\dimen150

(C:\Users\Micros\Documents\LaTeX\miktex\tex\latex\listings\lstmisc.sty
File: lstmisc.sty 2007/02/22 1.4 (Carsten Heinz)
\c@lstnumber=\count132
\lst@skipnumbers=\count133
\lst@framebox=\box36
)
(C:\Users\Micros\Documents\LaTeX\miktex\tex\latex\listings\listings.cfg
File: listings.cfg 2007/02/22 1.4 listings configuration
))
Package: listings 2007/02/22 1.4 (Carsten Heinz)

(C:\Users\Micros\Documents\LaTeX\miktex\tex\latex\tools\verbatim.sty
Package: verbatim 2003/08/22 v1.5q LaTeX2e package for verbatim enhancements
\every@verbatim=\toks29
\verbatim@line=\toks30
\verbatim@in@stream=\read2
)
(C:\Users\Micros\Documents\LaTeX\miktex\tex\latex\booktabs\booktabs.sty
Package: booktabs 2005/04/14 v1.61803 publication quality tables
\heavyrulewidth=\dimen151
\lightrulewidth=\dimen152
\cmidrulewidth=\dimen153
\belowrulesep=\dimen154
\belowbottomsep=\dimen155
\aboverulesep=\dimen156
\abovetopsep=\dimen157
\cmidrulesep=\dimen158
\cmidrulekern=\dimen159
\defaultaddspace=\dimen160
\@cmidla=\count134
\@cmidlb=\count135
\@aboverulesep=\dimen161
\@belowrulesep=\dimen162
\@thisruleclass=\count136
\@lastruleclass=\count137
\@thisrulewidth=\dimen163
)
(C:\Users\Micros\Documents\LaTeX\miktex\tex\latex\tools\tabularx.sty
Package: tabularx 1999/01/07 v2.07 `tabularx' package (DPC)

(C:\Users\Micros\Documents\LaTeX\miktex\tex\latex\tools\array.sty
Package: array 2008/09/09 v2.4c Tabular extension package (FMi)
\col@sep=\dimen164
\extrarowheight=\dimen165
\NC@list=\toks31
\extratabsurround=\skip49
\backup@length=\skip50
)
\TX@col@width=\dimen166
\TX@old@table=\dimen167
\TX@old@col=\dimen168
\TX@target=\dimen169
\TX@delta=\dimen170
\TX@cols=\count138
\TX@ftn=\toks32
)
(C:\Users\Micros\Documents\LaTeX\miktex\tex\latex\tools\longtable.sty
Package: longtable 2004/02/01 v4.11 Multi-page Table package (DPC)
\LTleft=\skip51
\LTright=\skip52
\LTpre=\skip53
\LTpost=\skip54
\LTchunksize=\count139
\LTcapwidth=\dimen171
\LT@head=\box37
\LT@firsthead=\box38
\LT@foot=\box39
\LT@lastfoot=\box40
\LT@cols=\count140
\LT@rows=\count141
\c@LT@tables=\count142
\c@LT@chunks=\count143
\LT@p@ftn=\toks33
)
(C:\Users\Micros\Documents\LaTeX\miktex\tex\latex\movie15\movie15.sty
Package: movie15 2012/05/16

(C:\Users\Micros\Documents\LaTeX\miktex\tex\latex\oberdiek\ifdraft.sty
Package: ifdraft 2008/08/11 v1.3 Switch for option draft (HO)
)
(C:\Users\Micros\Documents\LaTeX\miktex\tex\latex\ms\everyshi.sty
Package: everyshi 2001/05/15 v3.00 EveryShipout Package (MS)
)
\@MXV@page=\count144
\@MXV@adict=\count145
\@MXV@aadict=\count146
\@MXV@includes=\count147
\@MXV@players=\count148
\@MXV@links=\count149
\@MXV@width=\dimen172
\@MXV@height=\dimen173
\@MXV@depth=\dimen174
\@MXV@totalheight=\dimen175
\@MXV@@boxdepth=\dimen176
\@MXV@traiselen=\dimen177
\@MXV@braiselen=\dimen178
\@MXV@start=\dimen179
\@MXV@end=\dimen180
\@MXV@textbox=\box41
)
(C:\Users\Micros\Documents\LaTeX\miktex\tex\latex\hyperref\hyperref.sty
Package: hyperref 2011/08/19 v6.82h Hypertext links for LaTeX

(C:\Users\Micros\Documents\LaTeX\miktex\tex\generic\oberdiek\hobsub-hyperref.st
y
Package: hobsub-hyperref 2011/04/23 v1.4 Bundle oberdiek, subset hyperref (HO)

(C:\Users\Micros\Documents\LaTeX\miktex\tex\generic\oberdiek\hobsub-generic.sty
Package: hobsub-generic 2011/04/23 v1.4 Bundle oberdiek, subset generic (HO)
Package: hobsub 2011/04/23 v1.4 Subsetting bundle oberdiek (HO)
Package hobsub Info: Skipping package `infwarerr' (already loaded).
Package hobsub Info: Skipping package `ltxcmds' (already loaded).
Package hobsub Info: Skipping package `ifluatex' (already loaded).
Package hobsub Info: Skipping package `ifvtex' (already loaded).
Package: intcalc 2007/09/27 v1.1 Expandable integer calculations (HO)
Package hobsub Info: Skipping package `ifpdf' (already loaded).
Package hobsub Info: Skipping package `etexcmds' (already loaded).
Package hobsub Info: Skipping package `kvsetkeys' (already loaded).
Package hobsub Info: Skipping package `kvdefinekeys' (already loaded).
Package hobsub Info: Skipping package `pdftexcmds' (already loaded).
Package: pdfescape 2011/04/04 v1.12 Provides string conversions (HO)
Package: bigintcalc 2011/01/30 v1.2 Expandable big integer calculations (HO)
Package: bitset 2011/01/30 v1.1 Data type bit set (HO)
Package: uniquecounter 2011/01/30 v1.2 Provides unlimited unique counter (HO)
)
Package hobsub Info: Skipping package `hobsub' (already loaded).
Package: letltxmacro 2010/09/02 v1.4 Let assignment for LaTeX macros (HO)
Package: hopatch 2011/01/30 v1.0 Wrapper for package hooks (HO)
Package: xcolor-patch 2011/01/30 xcolor patch
Package: atveryend 2011/04/23 v1.7 Hooks at very end of document (HO)
Package hobsub Info: Skipping package `atbegshi' (already loaded).
Package: refcount 2010/12/01 v3.2 Data extraction from references (HO)
Package: hycolor 2011/01/30 v1.7 Color options of hyperref/bookmark (HO)
)
\@linkdim=\dimen181
\Hy@linkcounter=\count150
\Hy@pagecounter=\count151
 (C:\Users\Micros\Documents\LaTeX\miktex\tex\latex\hyperref\pd1enc.def
File: pd1enc.def 2011/08/19 v6.82h Hyperref: PDFDocEncoding definition (HO)
)
\Hy@SavedSpaceFactor=\count152

(C:\Users\Micros\Documents\LaTeX\miktex\tex\latex\00miktex\hyperref.cfg
File: hyperref.cfg 2002/06/06 v1.2 hyperref configuration of TeXLive
)
Package hyperref Info: Hyper figures OFF on input line 4053.
Package hyperref Info: Link nesting OFF on input line 4058.
Package hyperref Info: Hyper index ON on input line 4061.
Package hyperref Info: Plain pages OFF on input line 4068.
Package hyperref Info: Backreferencing OFF on input line 4073.
Package hyperref Info: Implicit mode ON; LaTeX internals redefined.
Package hyperref Info: Bookmarks ON on input line 4291.
\c@Hy@tempcnt=\count153

(C:\Users\Micros\Documents\LaTeX\miktex\tex\latex\ltxmisc\url.sty
\Urlmuskip=\muskip11
Package: url 2006/04/12  ver 3.3  Verb mode for urls, etc.
)
LaTeX Info: Redefining \url on input line 4644.
\Fld@menulength=\count154
\Field@Width=\dimen182
\Fld@charsize=\dimen183
Package hyperref Info: Hyper figures OFF on input line 5730.
Package hyperref Info: Link nesting OFF on input line 5735.
Package hyperref Info: Hyper index ON on input line 5738.
Package hyperref Info: backreferencing OFF on input line 5745.
Package hyperref Info: Link coloring OFF on input line 5750.
Package hyperref Info: Link coloring with OCG OFF on input line 5755.
Package hyperref Info: PDF/A mode OFF on input line 5760.
LaTeX Info: Redefining \ref on input line 5800.
LaTeX Info: Redefining \pageref on input line 5804.
\Hy@abspage=\count155
\c@Item=\count156
)

Package hyperref Message: Driver (autodetected): hpdftex.

(C:\Users\Micros\Documents\LaTeX\miktex\tex\latex\hyperref\hpdftex.def
File: hpdftex.def 2011/08/19 v6.82h Hyperref driver for pdfTeX
\Fld@listcount=\count157
\c@bookmark@seq@number=\count158

(C:\Users\Micros\Documents\LaTeX\miktex\tex\latex\oberdiek\rerunfilecheck.sty
Package: rerunfilecheck 2011/04/15 v1.7 Rerun checks for auxiliary files (HO)
Package uniquecounter Info: New unique counter `rerunfilecheck' on input line 2
82.
)
\Hy@SectionHShift=\skip55
) (C:\Users\Micros\Documents\LaTeX\miktex\tex\latex\caption\subcaption.sty
Package: subcaption 2012/01/12 v1.1d Sub-captions (AR)

(C:\Users\Micros\Documents\LaTeX\miktex\tex\latex\caption\caption.sty
Package: caption 2012/02/19 v3.2f Customizing captions (AR)

(C:\Users\Micros\Documents\LaTeX\miktex\tex\latex\caption\caption3.sty
Package: caption3 2012/01/12 v1.4b caption3 kernel (AR)
\captionmargin=\dimen184
\captionmargin@=\dimen185
\captionwidth=\dimen186
\caption@indent=\dimen187
\caption@parindent=\dimen188
\caption@hangindent=\dimen189
Package caption Info: Unknown document class (or package),
(caption)             standard defaults will be used.
)

Package caption Warning: Unsupported document class (or package) detected,
(caption)                usage of the caption package is not recommended.
See the caption package documentation for explanation.

Package caption Info: \@makecaption = \long macro:#1#2->\captionstyle \ifx \@ca
ptype \fig@type \vskip \figcapgap \fi \setbox \@tempboxa \hbox {{\floatlegendst
yle #1\floatcounterend }\capstrut #2}\ifdim \wd \@tempboxa >\hsize {\floatlegen
dstyle #1\floatcounterend }\capstrut #2\par \else \hbox to\hsize {\leftlegendgl
ue \unhbox \@tempboxa \hfil }\fi \ifx \@captype \fig@type \else \vskip \tabcapg
ap \fi .
\c@ContinuedFloat=\count159
Package caption Info: float package is loaded.
Package caption Info: hyperref package is loaded.
Package caption Info: listings package is loaded.
Package caption Info: longtable package is loaded.
(C:\Users\Micros\Documents\LaTeX\miktex\tex\latex\caption\ltcaption.sty
Package: ltcaption 2011/09/12 v1.3 longtable captions (AR)
))
\c@subfigure=\count160
\c@subtable=\count161
)
(C:\Users\Micros\Documents\LaTeX\miktex\tex\latex\tools\enumerate.sty
Package: enumerate 1999/03/05 v3.00 enumerate extensions (DPC)
\@enLab=\toks34
)
(C:\Users\Micros\Documents\LaTeX\miktex\tex\latex\bashful\bashful.sty
Package: bashful 2012/03/08{} bashful V 0.93{} by Yossi Gil{} yogi@cs.technion.
ac.il: Write and execute a bash script within LaTeX, with, or without displayin
g the script and/or its output. 
Package bashful Info: This is bashful, bashful V 0.93{} by Yossi Gil{} yogi@cs.
technion.ac.il on input line 33.

(C:\Users\Micros\Documents\LaTeX\miktex\tex\generic\oberdiek\catchfile.sty
Package: catchfile 2011/03/01 v1.6 Catches the contents of a file (HO)
)
(C:\Users\Micros\Documents\LaTeX\miktex\tex\latex\xkeyval\xkeyval.sty
Package: xkeyval 2008/08/13 v2.6a package option processing (HA)

(C:\Users\Micros\Documents\LaTeX\miktex\tex\generic\xkeyval\xkeyval.tex
\XKV@toks=\toks35
\XKV@tempa@toks=\toks36
\XKV@depth=\count162
File: xkeyval.tex 2008/08/13 v2.6a key=value parser (HA)
))
(C:\Users\Micros\Documents\LaTeX\miktex\tex\latex\base\textcomp.sty
Package: textcomp 2005/09/27 v1.99g Standard LaTeX package
Package textcomp Info: Sub-encoding information:
(textcomp)               5 = only ISO-Adobe without \textcurrency
(textcomp)               4 = 5 + \texteuro
(textcomp)               3 = 4 + \textohm
(textcomp)               2 = 3 + \textestimated + \textcurrency
(textcomp)               1 = TS1 - \textcircled - \t
(textcomp)               0 = TS1 (full)
(textcomp)             Font families with sub-encoding setting implement
(textcomp)             only a restricted character set as indicated.
(textcomp)             Family '?' is the default used for unknown fonts.
(textcomp)             See the documentation for details.
Package textcomp Info: Setting ? sub-encoding to TS1/1 on input line 71.

(C:\Users\Micros\Documents\LaTeX\miktex\tex\latex\base\ts1enc.def
File: ts1enc.def 2001/06/05 v3.0e (jk/car/fm) Standard LaTeX file
)
LaTeX Info: Redefining \oldstylenums on input line 266.
Package textcomp Info: Setting cmr sub-encoding to TS1/0 on input line 281.
Package textcomp Info: Setting cmss sub-encoding to TS1/0 on input line 282.
Package textcomp Info: Setting cmtt sub-encoding to TS1/0 on input line 283.
Package textcomp Info: Setting cmvtt sub-encoding to TS1/0 on input line 284.
Package textcomp Info: Setting cmbr sub-encoding to TS1/0 on input line 285.
Package textcomp Info: Setting cmtl sub-encoding to TS1/0 on input line 286.
Package textcomp Info: Setting ccr sub-encoding to TS1/0 on input line 287.
Package textcomp Info: Setting ptm sub-encoding to TS1/4 on input line 288.
Package textcomp Info: Setting pcr sub-encoding to TS1/4 on input line 289.
Package textcomp Info: Setting phv sub-encoding to TS1/4 on input line 290.
Package textcomp Info: Setting ppl sub-encoding to TS1/3 on input line 291.
Package textcomp Info: Setting pag sub-encoding to TS1/4 on input line 292.
Package textcomp Info: Setting pbk sub-encoding to TS1/4 on input line 293.
Package textcomp Info: Setting pnc sub-encoding to TS1/4 on input line 294.
Package textcomp Info: Setting pzc sub-encoding to TS1/4 on input line 295.
Package textcomp Info: Setting bch sub-encoding to TS1/4 on input line 296.
Package textcomp Info: Setting put sub-encoding to TS1/5 on input line 297.
Package textcomp Info: Setting uag sub-encoding to TS1/5 on input line 298.
Package textcomp Info: Setting ugq sub-encoding to TS1/5 on input line 299.
Package textcomp Info: Setting ul8 sub-encoding to TS1/4 on input line 300.
Package textcomp Info: Setting ul9 sub-encoding to TS1/4 on input line 301.
Package textcomp Info: Setting augie sub-encoding to TS1/5 on input line 302.
Package textcomp Info: Setting dayrom sub-encoding to TS1/3 on input line 303.
Package textcomp Info: Setting dayroms sub-encoding to TS1/3 on input line 304.

Package textcomp Info: Setting pxr sub-encoding to TS1/0 on input line 305.
Package textcomp Info: Setting pxss sub-encoding to TS1/0 on input line 306.
Package textcomp Info: Setting pxtt sub-encoding to TS1/0 on input line 307.
Package textcomp Info: Setting txr sub-encoding to TS1/0 on input line 308.
Package textcomp Info: Setting txss sub-encoding to TS1/0 on input line 309.
Package textcomp Info: Setting txtt sub-encoding to TS1/0 on input line 310.
Package textcomp Info: Setting lmr sub-encoding to TS1/0 on input line 311.
Package textcomp Info: Setting lmdh sub-encoding to TS1/0 on input line 312.
Package textcomp Info: Setting lmss sub-encoding to TS1/0 on input line 313.
Package textcomp Info: Setting lmssq sub-encoding to TS1/0 on input line 314.
Package textcomp Info: Setting lmvtt sub-encoding to TS1/0 on input line 315.
Package textcomp Info: Setting qhv sub-encoding to TS1/0 on input line 316.
Package textcomp Info: Setting qag sub-encoding to TS1/0 on input line 317.
Package textcomp Info: Setting qbk sub-encoding to TS1/0 on input line 318.
Package textcomp Info: Setting qcr sub-encoding to TS1/0 on input line 319.
Package textcomp Info: Setting qcs sub-encoding to TS1/0 on input line 320.
Package textcomp Info: Setting qpl sub-encoding to TS1/0 on input line 321.
Package textcomp Info: Setting qtm sub-encoding to TS1/0 on input line 322.
Package textcomp Info: Setting qzc sub-encoding to TS1/0 on input line 323.
Package textcomp Info: Setting qhvc sub-encoding to TS1/0 on input line 324.
Package textcomp Info: Setting futs sub-encoding to TS1/4 on input line 325.
Package textcomp Info: Setting futx sub-encoding to TS1/4 on input line 326.
Package textcomp Info: Setting futj sub-encoding to TS1/4 on input line 327.
Package textcomp Info: Setting hlh sub-encoding to TS1/3 on input line 328.
Package textcomp Info: Setting hls sub-encoding to TS1/3 on input line 329.
Package textcomp Info: Setting hlst sub-encoding to TS1/3 on input line 330.
Package textcomp Info: Setting hlct sub-encoding to TS1/5 on input line 331.
Package textcomp Info: Setting hlx sub-encoding to TS1/5 on input line 332.
Package textcomp Info: Setting hlce sub-encoding to TS1/5 on input line 333.
Package textcomp Info: Setting hlcn sub-encoding to TS1/5 on input line 334.
Package textcomp Info: Setting hlcw sub-encoding to TS1/5 on input line 335.
Package textcomp Info: Setting hlcf sub-encoding to TS1/5 on input line 336.
Package textcomp Info: Setting pplx sub-encoding to TS1/3 on input line 337.
Package textcomp Info: Setting pplj sub-encoding to TS1/3 on input line 338.
Package textcomp Info: Setting ptmx sub-encoding to TS1/4 on input line 339.
Package textcomp Info: Setting ptmj sub-encoding to TS1/4 on input line 340.
)
\writer@BL=\write4
\reader@BL=\read3
)
(C:\Users\Micros\Documents\LaTeX\miktex\tex\latex\tools\multicol.sty
Package: multicol 2011/06/27 v1.7a multicolumn formatting (FMi)
\c@tracingmulticols=\count163
\mult@box=\box42
\multicol@leftmargin=\dimen190
\c@unbalance=\count164
\c@collectmore=\count165
\doublecol@number=\count166
\multicoltolerance=\count167
\multicolpretolerance=\count168
\full@width=\dimen191
\page@free=\dimen192
\premulticols=\dimen193
\postmulticols=\dimen194
\multicolsep=\skip56
\multicolbaselineskip=\skip57
\partial@page=\box43
\last@line=\box44
\mult@rightbox=\box45
\mult@grightbox=\box46
\mult@gfirstbox=\box47
\mult@firstbox=\box48
\@tempa=\box49
\@tempa=\box50
\@tempa=\box51
\@tempa=\box52
\@tempa=\box53
\@tempa=\box54
\@tempa=\box55
\@tempa=\box56
\@tempa=\box57
\@tempa=\box58
\@tempa=\box59
\@tempa=\box60
\@tempa=\box61
\@tempa=\box62
\@tempa=\box63
\@tempa=\box64
\@tempa=\box65
\c@columnbadness=\count169
\c@finalcolumnbadness=\count170
\last@try=\dimen195
\multicolovershoot=\dimen196
\multicolundershoot=\dimen197
\mult@nat@firstbox=\box66
\colbreak@box=\box67
\multicol@sort@counter=\count171
)
(C:\Users\Micros\Dropbox\FALL14\CS495\assign1\LaTeX\CS495_assignment_1_George_M
icros.aux (C:\Users\Micros\Dropbox\FALL14\CS495\assign1\LaTeX\q1.aux)
(C:\Users\Micros\Dropbox\FALL14\CS495\assign1\LaTeX\q2.aux

LaTeX Warning: Label `code:q1_bash' multiply defined.

) (C:\Users\Micros\Dropbox\FALL14\CS495\assign1\LaTeX\q3.aux

LaTeX Warning: Label `code:correction_8.5' multiply defined.

)

LaTeX Warning: Label `lamport94' multiply defined.


LaTeX Warning: Label `lamport94' multiply defined.


LaTeX Warning: Label `lamport94' multiply defined.


LaTeX Warning: Label `lamport94' multiply defined.


LaTeX Warning: Label `lamport94' multiply defined.

)
LaTeX Font Info:    Checking defaults for OML/cmm/m/it on input line 83.
LaTeX Font Info:    ... okay on input line 83.
LaTeX Font Info:    Checking defaults for T1/cmr/m/n on input line 83.
LaTeX Font Info:    ... okay on input line 83.
LaTeX Font Info:    Checking defaults for OT1/cmr/m/n on input line 83.
LaTeX Font Info:    ... okay on input line 83.
LaTeX Font Info:    Checking defaults for OMS/cmsy/m/n on input line 83.
LaTeX Font Info:    ... okay on input line 83.
LaTeX Font Info:    Checking defaults for OMX/cmex/m/n on input line 83.
LaTeX Font Info:    ... okay on input line 83.
LaTeX Font Info:    Checking defaults for U/cmr/m/n on input line 83.
LaTeX Font Info:    ... okay on input line 83.
LaTeX Font Info:    Checking defaults for PD1/pdf/m/n on input line 83.
LaTeX Font Info:    ... okay on input line 83.
LaTeX Font Info:    Checking defaults for TS1/cmr/m/n on input line 83.
LaTeX Font Info:    Try loading font information for TS1+cmr on input line 83.
 (C:\Users\Micros\Documents\LaTeX\miktex\tex\latex\base\ts1cmr.fd
File: ts1cmr.fd 1999/05/25 v2.5h Standard LaTeX font definitions
)
LaTeX Font Info:    ... okay on input line 83.

(C:\Users\Micros\Documents\LaTeX\miktex\tex\context\base\supp-pdf.mkii
[Loading MPS to PDF converter (version 2006.09.02).]
\scratchcounter=\count172
\scratchdimen=\dimen198
\scratchbox=\box68
\nofMPsegments=\count173
\nofMParguments=\count174
\everyMPshowfont=\toks37
\MPscratchCnt=\count175
\MPscratchDim=\dimen199
\MPnumerator=\count176
\makeMPintoPDFobject=\count177
\everyMPtoPDFconversion=\toks38
)
\AtBeginShipoutBox=\box69

*geometry* driver: auto-detecting
*geometry* detected driver: pdftex
*geometry* verbose mode - [ preamble ] result:
* driver: pdftex
* paper: <default>
* layout: <same size as paper>
* layoutoffset:(h,v)=(0.0pt,0.0pt)
* modes: twoside 
* h-part:(L,W,R)=(72.26999pt, 469.75502pt, 72.26999pt)
* v-part:(T,H,B)=(72.26999pt, 650.43001pt, 72.26999pt)
* \paperwidth=614.295pt
* \paperheight=794.96999pt
* \textwidth=469.75502pt
* \textheight=650.43001pt
* \oddsidemargin=0.0pt
* \evensidemargin=0.0pt
* \topmargin=-24.0pt
* \headheight=12.0pt
* \headsep=12.0pt
* \topskip=10.0pt
* \footskip=30.0pt
* \marginparwidth=90.0pt
* \marginparsep=11.0pt
* \columnsep=10.0pt
* \skip\footins=9.0pt plus 4.0pt minus 2.0pt
* \hoffset=0.0pt
* \voffset=0.0pt
* \mag=1000
* \@twocolumnfalse
* \@twosidetrue
* \@mparswitchtrue
* \@reversemarginfalse
* (1in=72.27pt=25.4mm, 1cm=28.453pt)

\c@lstlisting=\count178
ABD: EveryShipout initializing macros
Package hyperref Info: Link coloring OFF on input line 83.

(C:\Users\Micros\Documents\LaTeX\miktex\tex\latex\hyperref\nameref.sty
Package: nameref 2010/04/30 v2.40 Cross-referencing by name of section

(C:\Users\Micros\Documents\LaTeX\miktex\tex\generic\oberdiek\gettitlestring.sty
Package: gettitlestring 2010/12/03 v1.4 Cleanup title references (HO)
)
\c@section@level=\count179
)
LaTeX Info: Redefining \ref on input line 83.
LaTeX Info: Redefining \pageref on input line 83.
LaTeX Info: Redefining \nameref on input line 83.

(C:\Users\Micros\Dropbox\FALL14\CS495\assign1\LaTeX\CS495_assignment_1_George_M
icros.out)
(C:\Users\Micros\Dropbox\FALL14\CS495\assign1\LaTeX\CS495_assignment_1_George_M
icros.out)
\@outlinefile=\write5
Package caption Info: Begin \AtBeginDocument code.
Package caption Info: End \AtBeginDocument code.
 [1

{C:/Users/Micros/Documents/LaTeX/miktex/pdftex/config/pdftex.map}]

LaTeX Font Warning: Font shape `OT1/cmr/m/n' in size <18> not available
(Font)              size <17.28> substituted on input line 125.

[2]

LaTeX Font Warning: Font shape `OT1/cmr/m/n' in size <16> not available
(Font)              size <17.28> substituted on input line 129.


LaTeX Font Warning: Font shape `OT1/cmr/bx/n' in size <16> not available
(Font)              size <17.28> substituted on input line 129.


(C:\Users\Micros\Dropbox\FALL14\CS495\assign1\LaTeX\CS495_assignment_1_George_M
icros.toc)
\tf@toc=\write6


LaTeX Font Warning: Font shape `OT1/cmr/m/n' in size <8.5> not available
(Font)              size <8> substituted on input line 131.

[3


] [4


]
Chapter 1.
[5] (C:\Users\Micros\Dropbox\FALL14\CS495\assign1\LaTeX\q1.tex
(C:\Users\Micros\Documents\LaTeX\miktex\tex\latex\listings\lstlang1.sty
File: lstlang1.sty 2004/09/05 1.3 listings language file
)
(C:\Users\Micros\Documents\LaTeX\miktex\tex\latex\listings\lstlang1.sty
File: lstlang1.sty 2004/09/05 1.3 listings language file
)
(C:\Users\Micros\Dropbox\FALL14\CS495\assign1\q1\curlSc.sh
LaTeX Font Info:    Try loading font information for OML+cmr on input line 3.

(C:\Users\Micros\Documents\LaTeX\miktex\tex\latex\base\omlcmr.fd
File: omlcmr.fd 1999/05/25 v2.5h Standard LaTeX font definitions
)
LaTeX Font Info:    Font shape `OML/cmr/m/n' in size <7> not available
(Font)              Font shape `OML/cmm/m/it' tried instead on input line 3.
)
(C:\Users\Micros\Dropbox\FALL14\CS495\assign1\q1\gmicrosTest.txt)
<figures/curlScreen.png, id=87, 1371.1225pt x 770.88pt>
File: figures/curlScreen.png Graphic file (type png)

<use figures/curlScreen.png>
Package pdftex.def Info: figures/curlScreen.png used on input line 33.
(pdftex.def)             Requested size: 469.75502pt x 264.10715pt.
) [6

 <C:/Users/Micros/Dropbox/FALL14/CS495/assign1/LaTeX/figures/curlScreen.png>]
(C:\Users\Micros\Dropbox\FALL14\CS495\assign1\LaTeX\q2.tex
(C:\Users\Micros\Dropbox\FALL14\CS495\assign1\q2\getScore.sh)
(C:\Users\Micros\Documents\LaTeX\miktex\tex\latex\listings\lstlang1.sty
File: lstlang1.sty 2004/09/05 1.3 listings language file
)
(C:\Users\Micros\Dropbox\FALL14\CS495\assign1\q2\urlCode.py [7


])
<figures/scoreScreen.png, id=145, 1371.1225pt x 770.88pt>
File: figures/scoreScreen.png Graphic file (type png)

<use figures/scoreScreen.png>
Package pdftex.def Info: figures/scoreScreen.png used on input line 55.
(pdftex.def)             Requested size: 469.75502pt x 264.10715pt.
) [8] [9 <C:/Users/Micros/Dropbox/FALL14/CS495/assign1/LaTeX/figures/scoreScree
n.png>]
(C:\Users\Micros\Dropbox\FALL14\CS495\assign1\LaTeX\q3.tex
Package epstopdf Info: Source file: <figures/graphLabel.eps>
(epstopdf)                    date: 2014-09-11 13:04:36
(epstopdf)                    size: 21724 bytes
(epstopdf)             Output file: <figures/graphLabel-eps-converted-to.pdf>
(epstopdf)                    date: 2014-09-11 13:04:40
(epstopdf)                    size: 5397 bytes
(epstopdf)             Command: <epstopdf --outfile=figures/graphLabel-eps-conv
erted-to.pdf figures/graphLabel.eps>
(epstopdf)             \includegraphics on input line 70.
Package epstopdf Info: Output file is already uptodate.

<figures/graphLabel-eps-converted-to.pdf, id=232, 675.52374pt x 538.01pt>
File: figures/graphLabel-eps-converted-to.pdf Graphic file (type pdf)

<use figures/graphLabel-eps-converted-to.pdf>
Package pdftex.def Info: figures/graphLabel-eps-converted-to.pdf used on input 
line 70.
(pdftex.def)             Requested size: 375.80544pt x 299.3133pt.
 [10


 <C:/Users/Micros/Dropbox/FALL14/CS495/assign1/LaTeX/figures/graphLabel-eps-con
verted-to.pdf>]
(C:\Users\Micros\Dropbox\FALL14\CS495\assign1\q3\graphSc.py)) [11] [12



]

LaTeX Font Warning: Font shape `OT1/cmtt/m/n' in size <8.5> not available
(Font)              size <8> substituted on input line 145.

LaTeX Font Info:    Calculating math sizes for size <8.5> on input line 145.

LaTeX Font Warning: Font shape `OT1/cmr/m/n' in size <4.25> not available
(Font)              size <5> substituted on input line 145.


LaTeX Font Warning: Font shape `OML/cmm/m/it' in size <8.5> not available
(Font)              size <8> substituted on input line 145.


LaTeX Font Warning: Font shape `OML/cmm/m/it' in size <4.25> not available
(Font)              size <5> substituted on input line 145.


LaTeX Font Warning: Font shape `OMS/cmsy/m/n' in size <8.5> not available
(Font)              size <8> substituted on input line 145.


LaTeX Font Warning: Font shape `OMS/cmsy/m/n' in size <4.25> not available
(Font)              size <5> substituted on input line 145.


LaTeX Font Warning: Font shape `OMX/cmex/m/n' in size <8.5> not available
(Font)              size <8> substituted on input line 145.


Package movie15 Warning: @@@@@@@@@@@@@@@@@@@@@@@@@@@@@@@@@@@@@@@
(movie15)                @@ Package `movie15' is obsolete and @@
(movie15)                @@ superseded by `media9'.           @@
(movie15)                @@@@@@@@@@@@@@@@@@@@@@@@@@@@@@@@@@@@@@@.

Package atveryend Info: Empty hook `BeforeClearDocument' on input line 180.
[13pdfTeX warning (ext4): destination with the same identifier (name{cite.lampo
rt94}) has been already used, duplicate ignored

\AtBegShi@Output ...ipout \box \AtBeginShipoutBox 
                                                  \fi \fi 
l.180 \end{document}
                    pdfTeX warning (ext4): destination with the same identifier
 (name{cite.lamport94}) has been already used, duplicate ignored

\AtBegShi@Output ...ipout \box \AtBeginShipoutBox 
                                                  \fi \fi 
l.180 \end{document}
                    pdfTeX warning (ext4): destination with the same identifier
 (name{cite.lamport94}) has been already used, duplicate ignored

\AtBegShi@Output ...ipout \box \AtBeginShipoutBox 
                                                  \fi \fi 
l.180 \end{document}
                    pdfTeX warning (ext4): destination with the same identifier
 (name{cite.lamport94}) has been already used, duplicate ignored

\AtBegShi@Output ...ipout \box \AtBeginShipoutBox 
                                                  \fi \fi 
l.180 \end{document}
                    pdfTeX warning (ext4): destination with the same identifier
 (name{cite.lamport94}) has been already used, duplicate ignored

\AtBegShi@Output ...ipout \box \AtBeginShipoutBox 
                                                  \fi \fi 
l.180 \end{document}
                    ]
Package atveryend Info: Empty hook `AfterLastShipout' on input line 180.

(C:\Users\Micros\Dropbox\FALL14\CS495\assign1\LaTeX\CS495_assignment_1_George_M
icros.aux (C:\Users\Micros\Dropbox\FALL14\CS495\assign1\LaTeX\q1.aux)
(C:\Users\Micros\Dropbox\FALL14\CS495\assign1\LaTeX\q2.aux)
(C:\Users\Micros\Dropbox\FALL14\CS495\assign1\LaTeX\q3.aux))
Package atveryend Info: Executing hook `AtVeryEndDocument' on input line 180.
Package atveryend Info: Executing hook `AtEndAfterFileList' on input line 180.
Package rerunfilecheck Info: File `CS495_assignment_1_George_Micros.out' has no
t changed.
(rerunfilecheck)             Checksum: 19CAB229ECE7C0181A3DBE210F0B063C;666.


LaTeX Font Warning: Size substitutions with differences
(Font)              up to 1.28pt have occurred.


LaTeX Warning: There were multiply-defined labels.

 ) 
Here is how much of TeX's memory you used:
 12105 strings out of 494045
 181868 string characters out of 3147212
 910321 words of memory out of 3000000
 14973 multiletter control sequences out of 15000+200000
 11455 words of font info for 42 fonts, out of 3000000 for 9000
 715 hyphenation exceptions out of 8191
 51i,7n,99p,789b,1691s stack positions out of 5000i,500n,10000p,200000b,50000s
 <C:\Users\Micros\Documents\LaTeX\miktex\fonts\pk\ljfour\jknappen\ec\dpi600\t
crm1000.pk> <C:\Users\Micros\Documents\LaTeX\miktex\fonts\pk\ljfour\jknappen\ec
\dpi600\tcrm0700.pk><C:/Users/Micros/Documents/LaTeX/miktex/fonts/type1/public/
amsfonts/cm/cmbx10.pfb><C:/Users/Micros/Documents/LaTeX/miktex/fonts/type1/publ
ic/amsfonts/cm/cmbx12.pfb><C:/Users/Micros/Documents/LaTeX/miktex/fonts/type1/p
ublic/amsfonts/cm/cmbxti10.pfb><C:/Users/Micros/Documents/LaTeX/miktex/fonts/ty
pe1/public/amsfonts/cm/cmcsc10.pfb><C:/Users/Micros/Documents/LaTeX/miktex/font
s/type1/public/amsfonts/cm/cmmi7.pfb><C:/Users/Micros/Documents/LaTeX/miktex/fo
nts/type1/public/amsfonts/cm/cmr10.pfb><C:/Users/Micros/Documents/LaTeX/miktex/
fonts/type1/public/amsfonts/cm/cmr12.pfb><C:/Users/Micros/Documents/LaTeX/mikte
x/fonts/type1/public/amsfonts/cm/cmr17.pfb><C:/Users/Micros/Documents/LaTeX/mik
tex/fonts/type1/public/amsfonts/cm/cmr7.pfb><C:/Users/Micros/Documents/LaTeX/mi
ktex/fonts/type1/public/amsfonts/cm/cmr8.pfb><C:/Users/Micros/Documents/LaTeX/m
iktex/fonts/type1/public/amsfonts/cm/cmsy10.pfb><C:/Users/Micros/Documents/LaTe
X/miktex/fonts/type1/public/amsfonts/cm/cmsy7.pfb><C:/Users/Micros/Documents/La
TeX/miktex/fonts/type1/public/amsfonts/cm/cmtt10.pfb><C:/Users/Micros/Documents
/LaTeX/miktex/fonts/type1/public/amsfonts/cm/cmtt8.pfb>
Output written on CS495_assignment_1_George_Micros.pdf (13 pages, 688015 bytes)
.
PDF statistics:
 396 PDF objects out of 1000 (max. 8388607)
 183 named destinations out of 1000 (max. 500000)
 104 words of extra memory for PDF output out of 10000 (max. 10000000)

