\BOOKMARK [0][-]{chapter.1}{Written Assignment 8}{}% 1
\BOOKMARK [1][-]{section.1.1}{Question 1}{chapter.1}% 2
\BOOKMARK [2][-]{subsection.1.1.1}{The Question}{section.1.1}% 3
\BOOKMARK [2][-]{subsection.1.1.2}{The Answer}{section.1.1}% 4
\BOOKMARK [1][-]{section.1.2}{Question 2}{chapter.1}% 5
\BOOKMARK [2][-]{subsection.1.2.1}{The Question}{section.1.2}% 6
\BOOKMARK [2][-]{subsection.1.2.2}{The Answer}{section.1.2}% 7
\BOOKMARK [1][-]{section.1.3}{Question 3}{chapter.1}% 8
\BOOKMARK [2][-]{subsection.1.3.1}{The Question}{section.1.3}% 9
\BOOKMARK [2][-]{subsection.1.3.2}{The Answer}{section.1.3}% 10
\BOOKMARK [1][-]{section.1.4}{Question 4}{chapter.1}% 11
\BOOKMARK [2][-]{subsection.1.4.1}{The Question}{section.1.4}% 12
\BOOKMARK [2][-]{subsection.1.4.2}{The Answer}{section.1.4}% 13
\BOOKMARK [1][-]{section.1.5}{Question 6}{chapter.1}% 14
\BOOKMARK [2][-]{subsection.1.5.1}{The Question}{section.1.5}% 15
\BOOKMARK [2][-]{subsection.1.5.2}{The Answer}{section.1.5}% 16
\BOOKMARK [1][-]{section.1.6}{Question 7}{chapter.1}% 17
\BOOKMARK [2][-]{subsection.1.6.1}{The Question}{section.1.6}% 18
\BOOKMARK [2][-]{subsection.1.6.2}{The Answer}{section.1.6}% 19
\BOOKMARK [1][-]{section.1.7}{Question 8}{chapter.1}% 20
\BOOKMARK [2][-]{subsection.1.7.1}{The Question}{section.1.7}% 21
\BOOKMARK [2][-]{subsection.1.7.2}{The Answer}{section.1.7}% 22
\BOOKMARK [1][-]{section.1.8}{Question 9}{chapter.1}% 23
\BOOKMARK [2][-]{subsection.1.8.1}{The Question}{section.1.8}% 24
\BOOKMARK [2][-]{subsection.1.8.2}{The Answer}{section.1.8}% 25
\BOOKMARK [1][-]{section.1.9}{Question 10}{chapter.1}% 26
\BOOKMARK [2][-]{subsection.1.9.1}{The Question}{section.1.9}% 27
\BOOKMARK [2][-]{subsection.1.9.2}{The Answer}{section.1.9}% 28
\BOOKMARK [0][-]{chapter*.11}{References}{}% 29
